[1.137s] DEBUG:colcon:Command line arguments: ['/usr/bin/colcon', 'build']
[1.137s] DEBUG:colcon:Parsed command line arguments: Namespace(log_base=None, log_level=None, verb_name='build', build_base='build', install_base='install', merge_install=False, symlink_install=False, test_result_base=None, continue_on_error=False, executor='parallel', parallel_workers=8, event_handlers=None, ignore_user_meta=False, metas=['./colcon.meta'], base_paths=['.'], packages_ignore=None, packages_ignore_regex=None, paths=None, packages_up_to=None, packages_up_to_regex=None, packages_above=None, packages_above_and_dependencies=None, packages_above_depth=None, packages_select_by_dep=None, packages_skip_by_dep=None, packages_skip_up_to=None, packages_select_build_failed=False, packages_skip_build_finished=False, packages_select_test_failures=False, packages_skip_test_passed=False, packages_select=None, packages_skip=None, packages_select_regex=None, packages_skip_regex=None, packages_start=None, packages_end=None, allow_overriding=[], cmake_args=None, cmake_target=None, cmake_target_skip_unavailable=False, cmake_clean_cache=False, cmake_clean_first=False, cmake_force_configure=False, ament_cmake_args=None, catkin_cmake_args=None, catkin_skip_building_tests=False, verb_parser=<colcon_defaults.argument_parser.defaults.DefaultArgumentsDecorator object at 0x7fd79e7a6ef0>, verb_extension=<colcon_core.verb.build.BuildVerb object at 0x7fd79e7a75e0>, main=<bound method BuildVerb.main of <colcon_core.verb.build.BuildVerb object at 0x7fd79e7a75e0>>)
[1.223s] Level 1:colcon.colcon_core.package_discovery:discover_packages(colcon_meta) check parameters
[1.223s] Level 1:colcon.colcon_core.package_discovery:discover_packages(recursive) check parameters
[1.223s] Level 1:colcon.colcon_core.package_discovery:discover_packages(ignore) check parameters
[1.223s] Level 1:colcon.colcon_core.package_discovery:discover_packages(path) check parameters
[1.223s] Level 1:colcon.colcon_core.package_discovery:discover_packages(colcon_meta) discover
[1.224s] Level 1:colcon.colcon_core.package_discovery:discover_packages(recursive) discover
[1.224s] INFO:colcon.colcon_core.package_discovery:Crawling recursively for packages in '/home/keitaro/git_robosys/ros2robosys2023'
[1.224s] Level 1:colcon.colcon_core.package_identification:_identify(.) by extensions ['ignore', 'ignore_ament_install']
[1.224s] Level 1:colcon.colcon_core.package_identification:_identify(.) by extension 'ignore'
[1.224s] Level 1:colcon.colcon_core.package_identification:_identify(.) by extension 'ignore_ament_install'
[1.224s] Level 1:colcon.colcon_core.package_identification:_identify(.) by extensions ['colcon_pkg']
[1.224s] Level 1:colcon.colcon_core.package_identification:_identify(.) by extension 'colcon_pkg'
[1.224s] Level 1:colcon.colcon_core.package_identification:_identify(.) by extensions ['colcon_meta']
[1.224s] Level 1:colcon.colcon_core.package_identification:_identify(.) by extension 'colcon_meta'
[1.224s] Level 1:colcon.colcon_core.package_identification:_identify(.) by extensions ['ros']
[1.224s] Level 1:colcon.colcon_core.package_identification:_identify(.) by extension 'ros'
[1.239s] Level 1:colcon.colcon_core.package_identification:_identify(.) by extensions ['cmake', 'python']
[1.239s] Level 1:colcon.colcon_core.package_identification:_identify(.) by extension 'cmake'
[1.239s] Level 1:colcon.colcon_core.package_identification:_identify(.) by extension 'python'
[1.239s] Level 1:colcon.colcon_core.package_identification:_identify(.) by extensions ['python_setup_py']
[1.239s] Level 1:colcon.colcon_core.package_identification:_identify(.) by extension 'python_setup_py'
[1.239s] Level 1:colcon.colcon_core.package_identification:_identify(build) by extensions ['ignore', 'ignore_ament_install']
[1.239s] Level 1:colcon.colcon_core.package_identification:_identify(build) by extension 'ignore'
[1.239s] Level 1:colcon.colcon_core.package_identification:_identify(build) ignored
[1.239s] Level 1:colcon.colcon_core.package_identification:_identify(install) by extensions ['ignore', 'ignore_ament_install']
[1.240s] Level 1:colcon.colcon_core.package_identification:_identify(install) by extension 'ignore'
[1.240s] Level 1:colcon.colcon_core.package_identification:_identify(install) ignored
[1.240s] Level 1:colcon.colcon_core.package_identification:_identify(log) by extensions ['ignore', 'ignore_ament_install']
[1.240s] Level 1:colcon.colcon_core.package_identification:_identify(log) by extension 'ignore'
[1.240s] Level 1:colcon.colcon_core.package_identification:_identify(log) ignored
[1.240s] Level 1:colcon.colcon_core.package_identification:_identify(src) by extensions ['ignore', 'ignore_ament_install']
[1.240s] Level 1:colcon.colcon_core.package_identification:_identify(src) by extension 'ignore'
[1.240s] Level 1:colcon.colcon_core.package_identification:_identify(src) by extension 'ignore_ament_install'
[1.240s] Level 1:colcon.colcon_core.package_identification:_identify(src) by extensions ['colcon_pkg']
[1.240s] Level 1:colcon.colcon_core.package_identification:_identify(src) by extension 'colcon_pkg'
[1.240s] Level 1:colcon.colcon_core.package_identification:_identify(src) by extensions ['colcon_meta']
[1.240s] Level 1:colcon.colcon_core.package_identification:_identify(src) by extension 'colcon_meta'
[1.240s] Level 1:colcon.colcon_core.package_identification:_identify(src) by extensions ['ros']
[1.240s] Level 1:colcon.colcon_core.package_identification:_identify(src) by extension 'ros'
[1.240s] Level 1:colcon.colcon_core.package_identification:_identify(src) by extensions ['cmake', 'python']
[1.240s] Level 1:colcon.colcon_core.package_identification:_identify(src) by extension 'cmake'
[1.240s] Level 1:colcon.colcon_core.package_identification:_identify(src) by extension 'python'
[1.241s] Level 1:colcon.colcon_core.package_identification:_identify(src) by extensions ['python_setup_py']
[1.241s] Level 1:colcon.colcon_core.package_identification:_identify(src) by extension 'python_setup_py'
[1.241s] Level 1:colcon.colcon_core.package_identification:_identify(src/mkpkg) by extensions ['ignore', 'ignore_ament_install']
[1.241s] Level 1:colcon.colcon_core.package_identification:_identify(src/mkpkg) by extension 'ignore'
[1.241s] Level 1:colcon.colcon_core.package_identification:_identify(src/mkpkg) by extension 'ignore_ament_install'
[1.241s] Level 1:colcon.colcon_core.package_identification:_identify(src/mkpkg) by extensions ['colcon_pkg']
[1.241s] Level 1:colcon.colcon_core.package_identification:_identify(src/mkpkg) by extension 'colcon_pkg'
[1.241s] Level 1:colcon.colcon_core.package_identification:_identify(src/mkpkg) by extensions ['colcon_meta']
[1.241s] Level 1:colcon.colcon_core.package_identification:_identify(src/mkpkg) by extension 'colcon_meta'
[1.241s] Level 1:colcon.colcon_core.package_identification:_identify(src/mkpkg) by extensions ['ros']
[1.241s] Level 1:colcon.colcon_core.package_identification:_identify(src/mkpkg) by extension 'ros'
[1.246s] DEBUG:colcon.colcon_core.package_identification:Package 'src/mkpkg' with type 'ros.ament_python' and name 'mkpkg'
[1.246s] Level 1:colcon.colcon_core.package_discovery:discover_packages(recursive) using defaults
[1.246s] Level 1:colcon.colcon_core.package_discovery:discover_packages(ignore) discover
[1.246s] Level 1:colcon.colcon_core.package_discovery:discover_packages(ignore) using defaults
[1.246s] Level 1:colcon.colcon_core.package_discovery:discover_packages(path) discover
[1.246s] Level 1:colcon.colcon_core.package_discovery:discover_packages(path) using defaults
[1.361s] Level 1:colcon.colcon_core.package_discovery:discover_packages(prefix_path) check parameters
[1.361s] Level 1:colcon.colcon_core.package_discovery:discover_packages(prefix_path) discover
[1.399s] DEBUG:colcon.colcon_installed_package_information.package_discovery:Found 1 installed packages in /home/keitaro/wss/ws3/install
[1.415s] DEBUG:colcon.colcon_installed_package_information.package_discovery:Found 10 installed packages in /home/keitaro/ros2_ws/install
[1.431s] DEBUG:colcon.colcon_installed_package_information.package_discovery:Found 1 installed packages in /home/keitaro/wss/test_ex/install
[1.448s] DEBUG:colcon.colcon_installed_package_information.package_discovery:Found 387 installed packages in /opt/ros/humble
[1.450s] Level 1:colcon.colcon_core.package_discovery:discover_packages(prefix_path) using defaults
[1.589s] Level 5:colcon.colcon_core.verb:set package 'mkpkg' build argument 'cmake_args' from command line to 'None'
[1.589s] Level 5:colcon.colcon_core.verb:set package 'mkpkg' build argument 'cmake_target' from command line to 'None'
[1.590s] Level 5:colcon.colcon_core.verb:set package 'mkpkg' build argument 'cmake_target_skip_unavailable' from command line to 'False'
[1.590s] Level 5:colcon.colcon_core.verb:set package 'mkpkg' build argument 'cmake_clean_cache' from command line to 'False'
[1.590s] Level 5:colcon.colcon_core.verb:set package 'mkpkg' build argument 'cmake_clean_first' from command line to 'False'
[1.590s] Level 5:colcon.colcon_core.verb:set package 'mkpkg' build argument 'cmake_force_configure' from command line to 'False'
[1.590s] Level 5:colcon.colcon_core.verb:set package 'mkpkg' build argument 'ament_cmake_args' from command line to 'None'
[1.590s] Level 5:colcon.colcon_core.verb:set package 'mkpkg' build argument 'catkin_cmake_args' from command line to 'None'
[1.590s] Level 5:colcon.colcon_core.verb:set package 'mkpkg' build argument 'catkin_skip_building_tests' from command line to 'False'
[1.590s] DEBUG:colcon.colcon_core.verb:Building package 'mkpkg' with the following arguments: {'ament_cmake_args': None, 'build_base': '/home/keitaro/git_robosys/ros2robosys2023/build/mkpkg', 'catkin_cmake_args': None, 'catkin_skip_building_tests': False, 'cmake_args': None, 'cmake_clean_cache': False, 'cmake_clean_first': False, 'cmake_force_configure': False, 'cmake_target': None, 'cmake_target_skip_unavailable': False, 'install_base': '/home/keitaro/git_robosys/ros2robosys2023/install/mkpkg', 'merge_install': False, 'path': '/home/keitaro/git_robosys/ros2robosys2023/src/mkpkg', 'symlink_install': False, 'test_result_base': None}
[1.605s] INFO:colcon.colcon_core.executor:Executing jobs using 'parallel' executor
[1.621s] DEBUG:colcon.colcon_parallel_executor.executor.parallel:run_until_complete
[1.621s] INFO:colcon.colcon_ros.task.ament_python.build:Building ROS package in '/home/keitaro/git_robosys/ros2robosys2023/src/mkpkg' with build type 'ament_python'
[1.622s] Level 1:colcon.colcon_core.shell:create_environment_hook('mkpkg', 'ament_prefix_path')
[1.646s] INFO:colcon.colcon_core.plugin_system:Skipping extension 'colcon_core.shell.bat': Not used on non-Windows systems
[1.646s] INFO:colcon.colcon_core.shell:Creating environment hook '/home/keitaro/git_robosys/ros2robosys2023/install/mkpkg/share/mkpkg/hook/ament_prefix_path.ps1'
[1.648s] INFO:colcon.colcon_core.shell:Creating environment descriptor '/home/keitaro/git_robosys/ros2robosys2023/install/mkpkg/share/mkpkg/hook/ament_prefix_path.dsv'
[1.648s] INFO:colcon.colcon_core.shell:Creating environment hook '/home/keitaro/git_robosys/ros2robosys2023/install/mkpkg/share/mkpkg/hook/ament_prefix_path.sh'
[1.665s] INFO:colcon.colcon_core.shell:Skip shell extension 'powershell' for command environment: Not usable outside of PowerShell
[1.665s] DEBUG:colcon.colcon_core.shell:Skip shell extension 'dsv' for command environment
[2.047s] INFO:colcon.colcon_core.task.python.build:Building Python package in '/home/keitaro/git_robosys/ros2robosys2023/src/mkpkg'
[2.065s] INFO:colcon.colcon_core.shell:Skip shell extension 'powershell' for command environment: Not usable outside of PowerShell
[2.065s] DEBUG:colcon.colcon_core.shell:Skip shell extension 'dsv' for command environment
[2.736s] DEBUG:colcon.colcon_core.event_handler.log_command:Invoking command in '/home/keitaro/git_robosys/ros2robosys2023/src/mkpkg': PYTHONPATH=/home/keitaro/git_robosys/ros2robosys2023/build/mkpkg/prefix_override:/home/keitaro/git_robosys/ros2robosys2023/install/mkpkg/lib/python3.10/site-packages:${PYTHONPATH} /usr/bin/python3 setup.py egg_info --egg-base ../../build/mkpkg build --build-base /home/keitaro/git_robosys/ros2robosys2023/build/mkpkg/build install --record /home/keitaro/git_robosys/ros2robosys2023/build/mkpkg/install.log --single-version-externally-managed
[3.049s] DEBUG:colcon.colcon_core.event_handler.log_command:Invoked command in '/home/keitaro/git_robosys/ros2robosys2023/src/mkpkg' returned '0': PYTHONPATH=/home/keitaro/git_robosys/ros2robosys2023/build/mkpkg/prefix_override:/home/keitaro/git_robosys/ros2robosys2023/install/mkpkg/lib/python3.10/site-packages:${PYTHONPATH} /usr/bin/python3 setup.py egg_info --egg-base ../../build/mkpkg build --build-base /home/keitaro/git_robosys/ros2robosys2023/build/mkpkg/build install --record /home/keitaro/git_robosys/ros2robosys2023/build/mkpkg/install.log --single-version-externally-managed
[3.074s] Level 1:colcon.colcon_core.environment:checking '/home/keitaro/git_robosys/ros2robosys2023/install/mkpkg' for CMake module files
[3.075s] Level 1:colcon.colcon_core.environment:checking '/home/keitaro/git_robosys/ros2robosys2023/install/mkpkg' for CMake config files
[3.076s] Level 1:colcon.colcon_core.environment:checking '/home/keitaro/git_robosys/ros2robosys2023/install/mkpkg/lib'
[3.076s] Level 1:colcon.colcon_core.environment:checking '/home/keitaro/git_robosys/ros2robosys2023/install/mkpkg/bin'
[3.076s] Level 1:colcon.colcon_core.environment:checking '/home/keitaro/git_robosys/ros2robosys2023/install/mkpkg/lib/pkgconfig/mkpkg.pc'
[3.076s] Level 1:colcon.colcon_core.environment:checking '/home/keitaro/git_robosys/ros2robosys2023/install/mkpkg/lib/python3.10/site-packages'
[3.076s] Level 1:colcon.colcon_core.shell:create_environment_hook('mkpkg', 'pythonpath')
[3.092s] INFO:colcon.colcon_core.shell:Creating environment hook '/home/keitaro/git_robosys/ros2robosys2023/install/mkpkg/share/mkpkg/hook/pythonpath.ps1'
[3.092s] INFO:colcon.colcon_core.shell:Creating environment descriptor '/home/keitaro/git_robosys/ros2robosys2023/install/mkpkg/share/mkpkg/hook/pythonpath.dsv'
[3.093s] INFO:colcon.colcon_core.shell:Creating environment hook '/home/keitaro/git_robosys/ros2robosys2023/install/mkpkg/share/mkpkg/hook/pythonpath.sh'
[3.093s] Level 1:colcon.colcon_core.environment:checking '/home/keitaro/git_robosys/ros2robosys2023/install/mkpkg/bin'
[3.093s] Level 1:colcon.colcon_core.environment:create_environment_scripts_only(mkpkg)
[3.109s] INFO:colcon.colcon_core.shell:Creating package script '/home/keitaro/git_robosys/ros2robosys2023/install/mkpkg/share/mkpkg/package.ps1'
[3.110s] INFO:colcon.colcon_core.shell:Creating package descriptor '/home/keitaro/git_robosys/ros2robosys2023/install/mkpkg/share/mkpkg/package.dsv'
[3.111s] INFO:colcon.colcon_core.shell:Creating package script '/home/keitaro/git_robosys/ros2robosys2023/install/mkpkg/share/mkpkg/package.sh'
[3.112s] INFO:colcon.colcon_core.shell:Creating package script '/home/keitaro/git_robosys/ros2robosys2023/install/mkpkg/share/mkpkg/package.bash'
[3.113s] INFO:colcon.colcon_core.shell:Creating package script '/home/keitaro/git_robosys/ros2robosys2023/install/mkpkg/share/mkpkg/package.zsh'
[3.114s] Level 1:colcon.colcon_core.environment:create_file_with_runtime_dependencies(/home/keitaro/git_robosys/ros2robosys2023/install/mkpkg/share/colcon-core/packages/mkpkg)
[3.115s] DEBUG:colcon.colcon_parallel_executor.executor.parallel:closing loop
[3.115s] DEBUG:colcon.colcon_parallel_executor.executor.parallel:loop closed
[3.115s] DEBUG:colcon.colcon_parallel_executor.executor.parallel:run_until_complete finished with '0'
[3.115s] DEBUG:colcon.colcon_core.event_reactor:joining thread
[3.143s] INFO:colcon.colcon_core.plugin_system:Skipping extension 'colcon_notification.desktop_notification.terminal_notifier': Not used on non-Darwin systems
[3.143s] INFO:colcon.colcon_core.plugin_system:Skipping extension 'colcon_notification.desktop_notification.win32': Not used on non-Windows systems
[3.144s] INFO:colcon.colcon_notification.desktop_notification:Sending desktop notification using 'notify2'
[3.160s] DEBUG:colcon.colcon_core.event_reactor:joined thread
[3.177s] INFO:colcon.colcon_core.shell:Creating prefix script '/home/keitaro/git_robosys/ros2robosys2023/install/local_setup.ps1'
[3.178s] INFO:colcon.colcon_core.shell:Creating prefix util module '/home/keitaro/git_robosys/ros2robosys2023/install/_local_setup_util_ps1.py'
[3.180s] INFO:colcon.colcon_core.shell:Creating prefix chain script '/home/keitaro/git_robosys/ros2robosys2023/install/setup.ps1'
[3.198s] INFO:colcon.colcon_core.shell:Creating prefix script '/home/keitaro/git_robosys/ros2robosys2023/install/local_setup.sh'
[3.199s] INFO:colcon.colcon_core.shell:Creating prefix util module '/home/keitaro/git_robosys/ros2robosys2023/install/_local_setup_util_sh.py'
[3.199s] INFO:colcon.colcon_core.shell:Creating prefix chain script '/home/keitaro/git_robosys/ros2robosys2023/install/setup.sh'
[3.217s] INFO:colcon.colcon_core.shell:Creating prefix script '/home/keitaro/git_robosys/ros2robosys2023/install/local_setup.bash'
[3.218s] INFO:colcon.colcon_core.shell:Creating prefix chain script '/home/keitaro/git_robosys/ros2robosys2023/install/setup.bash'
[3.236s] INFO:colcon.colcon_core.shell:Creating prefix script '/home/keitaro/git_robosys/ros2robosys2023/install/local_setup.zsh'
[3.236s] INFO:colcon.colcon_core.shell:Creating prefix chain script '/home/keitaro/git_robosys/ros2robosys2023/install/setup.zsh'
