running egg_info
creating ../../build/mkpkg/mkpkg.egg-info
writing ../../build/mkpkg/mkpkg.egg-info/PKG-INFO
writing dependency_links to ../../build/mkpkg/mkpkg.egg-info/dependency_links.txt
writing entry points to ../../build/mkpkg/mkpkg.egg-info/entry_points.txt
writing requirements to ../../build/mkpkg/mkpkg.egg-info/requires.txt
writing top-level names to ../../build/mkpkg/mkpkg.egg-info/top_level.txt
writing manifest file '../../build/mkpkg/mkpkg.egg-info/SOURCES.txt'
reading manifest file '../../build/mkpkg/mkpkg.egg-info/SOURCES.txt'
writing manifest file '../../build/mkpkg/mkpkg.egg-info/SOURCES.txt'
running build
running build_py
creating /home/keitaro/git_robosys/ros2robosys2023/build/mkpkg/build
creating /home/keitaro/git_robosys/ros2robosys2023/build/mkpkg/build/lib
creating /home/keitaro/git_robosys/ros2robosys2023/build/mkpkg/build/lib/mkpkg
copying mkpkg/talker.py -> /home/keitaro/git_robosys/ros2robosys2023/build/mkpkg/build/lib/mkpkg
copying mkpkg/__init__.py -> /home/keitaro/git_robosys/ros2robosys2023/build/mkpkg/build/lib/mkpkg
copying mkpkg/listener.py -> /home/keitaro/git_robosys/ros2robosys2023/build/mkpkg/build/lib/mkpkg
running install
running install_lib
creating /home/keitaro/git_robosys/ros2robosys2023/install/mkpkg/lib/python3.10/site-packages/mkpkg
copying /home/keitaro/git_robosys/ros2robosys2023/build/mkpkg/build/lib/mkpkg/talker.py -> /home/keitaro/git_robosys/ros2robosys2023/install/mkpkg/lib/python3.10/site-packages/mkpkg
copying /home/keitaro/git_robosys/ros2robosys2023/build/mkpkg/build/lib/mkpkg/__init__.py -> /home/keitaro/git_robosys/ros2robosys2023/install/mkpkg/lib/python3.10/site-packages/mkpkg
copying /home/keitaro/git_robosys/ros2robosys2023/build/mkpkg/build/lib/mkpkg/listener.py -> /home/keitaro/git_robosys/ros2robosys2023/install/mkpkg/lib/python3.10/site-packages/mkpkg
byte-compiling /home/keitaro/git_robosys/ros2robosys2023/install/mkpkg/lib/python3.10/site-packages/mkpkg/talker.py to talker.cpython-310.pyc
byte-compiling /home/keitaro/git_robosys/ros2robosys2023/install/mkpkg/lib/python3.10/site-packages/mkpkg/__init__.py to __init__.cpython-310.pyc
byte-compiling /home/keitaro/git_robosys/ros2robosys2023/install/mkpkg/lib/python3.10/site-packages/mkpkg/listener.py to listener.cpython-310.pyc
running install_data
creating /home/keitaro/git_robosys/ros2robosys2023/install/mkpkg/share/ament_index
creating /home/keitaro/git_robosys/ros2robosys2023/install/mkpkg/share/ament_index/resource_index
creating /home/keitaro/git_robosys/ros2robosys2023/install/mkpkg/share/ament_index/resource_index/packages
copying resource/mkpkg -> /home/keitaro/git_robosys/ros2robosys2023/install/mkpkg/share/ament_index/resource_index/packages
copying package.xml -> /home/keitaro/git_robosys/ros2robosys2023/install/mkpkg/share/mkpkg
running install_egg_info
Copying ../../build/mkpkg/mkpkg.egg-info to /home/keitaro/git_robosys/ros2robosys2023/install/mkpkg/lib/python3.10/site-packages/mkpkg-0.0.0-py3.10.egg-info
running install_scripts
Installing listener script to /home/keitaro/git_robosys/ros2robosys2023/install/mkpkg/lib/mkpkg
Installing talker script to /home/keitaro/git_robosys/ros2robosys2023/install/mkpkg/lib/mkpkg
writing list of installed files to '/home/keitaro/git_robosys/ros2robosys2023/build/mkpkg/install.log'
